AUDIT: 2026-03-02T01:46:23.164349 | lovelcat#0 | start | default
AUDIT: 2026-03-02T01:48:04.381695 | lovelcat#0 | cd | default -> ~/Desktop
AUDIT: 2026-03-02T01:49:02.429797 | lovelcat#0 | cd | default -> cctest
AUDIT: 2026-03-02T01:49:36.937373 | lovelcat#0 | cd | default -> cctest
AUDIT: 2026-03-02T01:50:51.332419 | lovelcat#0 | cd | default -> ❌ /Users/wangyanshu/Desktop/cctest
AUDIT: 2026-03-02T01:51:46.784513 | lovelcat#0 | start | default
AUDIT: 2026-03-02T01:52:11.209961 | lovelcat#0 | cd | default -> /Users/wangyanshu/Desktop/cctest
AUDIT: 2026-03-02T01:58:38.109499 | lovelcat#0 | start | default
AUDIT: 2026-03-02T01:58:42.766629 | lovelcat#0 | cd | default -> /Users/wangyanshu/Desktop/cctest
AUDIT: 2026-03-02T01:58:42.769482 | lovelcat#0 | cd | default -> /Users/wangyanshu/Desktop/cctest
AUDIT: 2026-03-02T02:03:54.862653 | lovelcat#0 | start | default
AUDIT: 2026-03-02T02:04:55.792114 | lovelcat#0 | message | 请写个脚本计算美股近20年表现最好的资产组合是什么
AUDIT: 2026-03-02T02:05:38.102532 | lovelcat#0 | message | <@1473646646893084874> 输出比较混乱，也没实际执行
AUDIT: 2026-03-02T02:06:17.060087 | lovelcat#0 | message | Luna呢
AUDIT: 2026-03-02T02:15:10.177709 | lovelcat#0 | start | default
AUDIT: 2026-03-02T02:16:25.785450 | lovelcat#0 | message | 寻找美股20年最优组合
AUDIT: 2026-03-02T02:16:25.790095 | lovelcat#0 | message | 寻找美股20年最优组合
AUDIT: 2026-03-02T02:30:56.966110 | lovelcat#0 | start | default
AUDIT: 2026-03-02T02:31:37.883578 | lovelcat#0 | message | <@1473646646893084874> 咋回事
AUDIT: 2026-03-02T02:31:37.883706 | lovelcat#0 | message | <@1473646646893084874> 咋回事
AUDIT: 2026-03-02T02:31:37.887801 | lovelcat#0 | message | <@1473646646893084874> 咋回事
AUDIT: 2026-03-02T02:34:41.391487 | lovelcat#0 | start | default
AUDIT: 2026-03-02T02:35:08.840909 | lovelcat#0 | message | <@1473646646893084874> 咋回事
AUDIT: 2026-03-02T02:35:08.841300 | lovelcat#0 | message | <@1473646646893084874> 咋回事
AUDIT: 2026-03-02T02:35:08.842991 | lovelcat#0 | message | <@1473646646893084874> 咋回事
AUDIT: 2026-03-02T02:36:32.179434 | lovelcat#0 | start | default
AUDIT: 2026-03-02T02:39:39.255494 | lovelcat#0 | start | default
AUDIT: 2026-03-02T02:42:32.388673 | lovelcat#0 | start | default
AUDIT: 2026-03-02T02:42:53.753401 | lovelcat#0 | message | 写个脚本找到20年美股最优组合
AUDIT: 2026-03-02T02:42:53.759029 | lovelcat#0 | message | 写个脚本找到20年美股最优组合
AUDIT: 2026-03-02T02:42:53.765530 | lovelcat#0 | message | 写个脚本找到20年美股最优组合
AUDIT: 2026-03-02T02:44:11.814512 | lovelcat#0 | message | <@1473646646893084874> 你能在频道里直接帮我调整好吗
AUDIT: 2026-03-02T02:44:11.814545 | lovelcat#0 | message | <@1473646646893084874> 你能在频道里直接帮我调整好吗
AUDIT: 2026-03-02T02:44:11.819768 | lovelcat#0 | message | <@1473646646893084874> 你能在频道里直接帮我调整好吗
